2015-08-02  INFO [AWT-EventQueue-0] (Controller.java:86) - For check winner - buttons are [2, 2, 2, 2, 2, 2, 0, 2, 2]
2015-08-02  INFO [AWT-EventQueue-0] (Controller.java:11) - Hard - buttons are [2, 2, 2, 2, 2, 2, 0, 2, 2] and eo list is [7]
2015-08-02  INFO [AWT-EventQueue-0] (Controller.java:340) - For process the logic, eo list is [7]
2015-08-02  INFO [AWT-EventQueue-0] (Controller.java:340) - For process the logic, eo list is [1]
2015-08-02  INFO [AWT-EventQueue-0] (Controller.java:86) - For check winner - buttons are [2, 2, 2, 2, 1, 2, 0, 2, 2]
2015-08-02  INFO [AWT-EventQueue-0] (Controller.java:86) - For check winner - buttons are [2, 2, 2, 2, 1, 2, 0, 2, 0]
2015-08-02  INFO [AWT-EventQueue-0] (Controller.java:11) - Hard - buttons are [2, 2, 2, 2, 1, 2, 0, 2, 0] and eo list is [7, 5, 9]
2015-08-02  INFO [AWT-EventQueue-0] (Controller.java:86) - For check winner - buttons are [2, 2, 2, 2, 1, 2, 0, 1, 0]
2015-08-02  INFO [AWT-EventQueue-0] (Controller.java:86) - For check winner - buttons are [0, 2, 2, 2, 1, 2, 0, 1, 0]
2015-08-02  INFO [AWT-EventQueue-0] (Controller.java:11) - Hard - buttons are [0, 2, 2, 2, 1, 2, 0, 1, 0] and eo list is [7, 5, 9, 8, 1]
2015-08-02  INFO [AWT-EventQueue-0] (Controller.java:86) - For check winner - buttons are [0, 1, 2, 2, 1, 2, 0, 1, 0]
2015-08-03  INFO [AWT-EventQueue-0] (Controller.java:86) - For check winner - buttons are [2, 2, 2, 2, 2, 2, 2, 0, 2]
2015-08-03  INFO [AWT-EventQueue-0] (Controller.java:86) - For check winner - buttons are [2, 2, 2, 2, 2, 2, 2, 0, 1]
2015-08-03  INFO [AWT-EventQueue-0] (Controller.java:86) - For check winner - buttons are [2, 2, 2, 2, 2, 2, 0, 0, 1]
2015-08-03  INFO [AWT-EventQueue-0] (Controller.java:86) - For check winner - buttons are [2, 2, 2, 2, 2, 1, 0, 0, 1]
2015-08-03  INFO [AWT-EventQueue-0] (Controller.java:86) - For check winner - buttons are [2, 2, 2, 0, 2, 1, 0, 0, 1]
2015-08-03  INFO [AWT-EventQueue-0] (Controller.java:86) - For check winner - buttons are [1, 2, 2, 0, 2, 1, 0, 0, 1]
2015-08-03  INFO [AWT-EventQueue-0] (Controller.java:86) - For check winner - buttons are [1, 2, 0, 0, 2, 1, 0, 0, 1]
2015-08-03  INFO [AWT-EventQueue-0] (Controller.java:86) - For check winner - buttons are [1, 1, 0, 0, 2, 1, 0, 0, 1]
2015-08-03  INFO [AWT-EventQueue-0] (Controller.java:86) - For check winner - buttons are [1, 1, 0, 0, 0, 1, 0, 0, 1]
2015-08-03  INFO [AWT-EventQueue-0] (Controller.java:86) - For check winner - buttons are [2, 2, 2, 2, 2, 2, 0, 2, 2]
2015-08-03  INFO [AWT-EventQueue-0] (Controller.java:86) - For check winner - buttons are [2, 2, 2, 2, 2, 2, 0, 2, 0]
2015-08-03  INFO [AWT-EventQueue-0] (Controller.java:86) - For check winner - buttons are [0, 2, 2, 2, 2, 2, 0, 2, 0]
2015-08-03  INFO [AWT-EventQueue-0] (Controller.java:86) - For check winner - buttons are [2, 2, 2, 2, 2, 2, 0, 2, 2]
2015-08-03  INFO [AWT-EventQueue-0] (Controller.java:86) - For check winner - buttons are [2, 2, 2, 2, 2, 2, 0, 2, 2]
2015-08-03  INFO [AWT-EventQueue-0] (Controller.java:86) - For check winner - buttons are [2, 2, 2, 2, 2, 2, 2, 2, 2]
2015-08-03  INFO [AWT-EventQueue-0] (Controller.java:86) - For check winner - buttons are [2, 2, 2, 2, 2, 2, 2, 2, 0]
2015-08-03  INFO [AWT-EventQueue-0] (Controller.java:86) - For check winner - buttons are [2, 2, 2, 2, 2, 2, 2, 2, 2]
2015-08-03  INFO [AWT-EventQueue-0] (Controller.java:86) - For check winner - buttons are [2, 2, 0, 2, 2, 2, 0, 2, 0]
2015-08-03  INFO [AWT-EventQueue-0] (Controller.java:86) - For check winner - buttons are [2, 2, 2, 2, 0, 2, 2, 2, 2]
2015-08-03  INFO [AWT-EventQueue-0] (Controller.java:86) - For check winner - buttons are [2, 2, 2, 2, 0, 2, 0, 2, 0]
2015-08-03  INFO [AWT-EventQueue-0] (Controller.java:86) - For check winner - buttons are [2, 2, 2, 2, 0, 0, 0, 2, 0]
2015-08-03  INFO [AWT-EventQueue-0] (Controller.java:86) - For check winner - buttons are [2, 2, 2, 2, 2, 2, 0, 2, 2]
2015-08-03  INFO [AWT-EventQueue-0] (Controller.java:86) - For check winner - buttons are [2, 2, 2, 2, 2, 2, 2, 2, 0]
2015-08-03  INFO [AWT-EventQueue-0] (Controller.java:86) - For check winner - buttons are [2, 2, 2, 2, 2, 2, 2, 2, 2]
2015-08-03  INFO [AWT-EventQueue-0] (Controller.java:86) - For check winner - buttons are [2, 2, 2, 0, 2, 2, 2, 2, 2]
2015-08-03  INFO [AWT-EventQueue-0] (Controller.java:86) - For check winner - buttons are [2, 0, 2, 2, 2, 2, 2, 2, 2]
2015-08-06  INFO [AWT-EventQueue-0] (Controller.java:86) - For check winner - buttons are [2, 2, 2, 2, 2, 2, 1, 2, 2]
2015-08-06  INFO [AWT-EventQueue-0] (Controller.java:86) - For check winner - buttons are [2, 2, 2, 2, 2, 2, 1, 2, 1]
2015-08-06  INFO [AWT-EventQueue-0] (Controller.java:86) - For check winner - buttons are [2, 2, 2, 2, 2, 1, 1, 2, 1]
2015-08-06  INFO [AWT-EventQueue-0] (Controller.java:86) - For check winner - buttons are [1, 2, 2, 2, 2, 1, 1, 2, 1]
2015-08-06  INFO [AWT-EventQueue-0] (Controller.java:86) - For check winner - buttons are [1, 1, 2, 2, 2, 1, 1, 2, 1]
2015-08-06  INFO [AWT-EventQueue-0] (Controller.java:86) - For check winner - buttons are [1, 1, 1, 2, 2, 1, 1, 2, 1]
2015-08-06  INFO [AWT-EventQueue-0] (Controller.java:86) - For check winner - buttons are [2, 2, 2, 2, 2, 2, 1, 2, 2]
2015-08-06  INFO [AWT-EventQueue-0] (Controller.java:86) - For check winner - buttons are [2, 2, 2, 2, 2, 2, 1, 2, 1]
2015-08-06  INFO [AWT-EventQueue-0] (Controller.java:86) - For check winner - buttons are [1, 2, 2, 2, 2, 2, 1, 2, 1]
2015-08-06  INFO [AWT-EventQueue-0] (Controller.java:86) - For check winner - buttons are [1, 2, 1, 2, 2, 2, 1, 2, 1]
2015-08-06  INFO [AWT-EventQueue-0] (Controller.java:86) - For check winner - buttons are [1, 2, 1, 2, 1, 2, 1, 2, 1]
2015-08-06  INFO [AWT-EventQueue-0] (Controller.java:86) - For check winner - buttons are [2, 2, 2, 2, 2, 2, 1, 2, 2]
2015-08-06  INFO [AWT-EventQueue-0] (Controller.java:86) - For check winner - buttons are [2, 2, 2, 2, 2, 2, 1, 1, 2]
2015-08-06  INFO [AWT-EventQueue-0] (Controller.java:86) - For check winner - buttons are [2, 2, 2, 2, 2, 2, 1, 1, 1]
